2016-11-08 10:31:43 www.zirnig.at mPAY24 : CreatePaymentToken : REQUEST to https://test.mpay24.com/app/bin/etpproxy_v15 - <?xml version="1.0" encoding="UTF-8"?>
<soapenv:Envelope xmlns:soapenv="http://schemas.xmlsoap.org/soap/envelope/" xmlns:xsd="http://www.w3.org/2001/XMLSchema" xmlns:etp="https://www.mpay24.com/soap/etp/1.5/ETP.wsdl" xmlns:xsi="http://www.w3.org/2001/XMLSchema-instance">
  <soapenv:Body>
    <etp:CreatePaymentToken>
      <merchantID>9****</merchantID>
      <pType>CC</pType>
    </etp:CreatePaymentToken>
  </soapenv:Body>
</soapenv:Envelope>


2016-11-08 10:31:43 www.zirnig.at mPAY24 : CreatePaymentToken : RESPONSE - <!DOCTYPE HTML PUBLIC "-//IETF//DTD HTML 2.0//EN">
<html>
<head>
<title>401 Unauthorized</title>
</head>
<body>
<h1>Unauthorized</h1>
<p>This server could not verify that you
are authorized to access the document
requested.  Either you supplied the wrong
credentials (e.g., bad password), or your
browser doesn't understand how to supply
the credentials required.</p>
</body>
</html>


2016-11-08 10:31:51 www.zirnig.at mPAY24 : CreatePaymentToken : REQUEST to https://test.mpay24.com/app/bin/etpproxy_v15 - <?xml version="1.0" encoding="UTF-8"?>
<soapenv:Envelope xmlns:soapenv="http://schemas.xmlsoap.org/soap/envelope/" xmlns:xsd="http://www.w3.org/2001/XMLSchema" xmlns:etp="https://www.mpay24.com/soap/etp/1.5/ETP.wsdl" xmlns:xsi="http://www.w3.org/2001/XMLSchema-instance">
  <soapenv:Body>
    <etp:CreatePaymentToken>
      <merchantID>9****</merchantID>
      <pType>CC</pType>
    </etp:CreatePaymentToken>
  </soapenv:Body>
</soapenv:Envelope>


2016-11-08 10:31:51 www.zirnig.at mPAY24 : CreatePaymentToken : RESPONSE - <!DOCTYPE HTML PUBLIC "-//IETF//DTD HTML 2.0//EN">
<html>
<head>
<title>401 Unauthorized</title>
</head>
<body>
<h1>Unauthorized</h1>
<p>This server could not verify that you
are authorized to access the document
requested.  Either you supplied the wrong
credentials (e.g., bad password), or your
browser doesn't understand how to supply
the credentials required.</p>
</body>
</html>


2016-11-08 10:31:58 www.zirnig.at mPAY24 : CreatePaymentToken : REQUEST to https://test.mpay24.com/app/bin/etpproxy_v15 - <?xml version="1.0" encoding="UTF-8"?>
<soapenv:Envelope xmlns:soapenv="http://schemas.xmlsoap.org/soap/envelope/" xmlns:xsd="http://www.w3.org/2001/XMLSchema" xmlns:etp="https://www.mpay24.com/soap/etp/1.5/ETP.wsdl" xmlns:xsi="http://www.w3.org/2001/XMLSchema-instance">
  <soapenv:Body>
    <etp:CreatePaymentToken>
      <merchantID>9****</merchantID>
      <pType>CC</pType>
    </etp:CreatePaymentToken>
  </soapenv:Body>
</soapenv:Envelope>


2016-11-08 10:31:58 www.zirnig.at mPAY24 : CreatePaymentToken : RESPONSE - <!DOCTYPE HTML PUBLIC "-//IETF//DTD HTML 2.0//EN">
<html>
<head>
<title>401 Unauthorized</title>
</head>
<body>
<h1>Unauthorized</h1>
<p>This server could not verify that you
are authorized to access the document
requested.  Either you supplied the wrong
credentials (e.g., bad password), or your
browser doesn't understand how to supply
the credentials required.</p>
</body>
</html>


2016-11-08 10:33:19 www.zirnig.at mPAY24 : CreatePaymentToken : REQUEST to https://test.mpay24.com/app/bin/etpproxy_v15 - <?xml version="1.0" encoding="UTF-8"?>
<soapenv:Envelope xmlns:soapenv="http://schemas.xmlsoap.org/soap/envelope/" xmlns:xsd="http://www.w3.org/2001/XMLSchema" xmlns:etp="https://www.mpay24.com/soap/etp/1.5/ETP.wsdl" xmlns:xsi="http://www.w3.org/2001/XMLSchema-instance">
  <soapenv:Body>
    <etp:CreatePaymentToken>
      <merchantID>9****</merchantID>
      <pType>CC</pType>
    </etp:CreatePaymentToken>
  </soapenv:Body>
</soapenv:Envelope>


2016-11-08 10:33:19 www.zirnig.at mPAY24 : CreatePaymentToken : RESPONSE - <!DOCTYPE HTML PUBLIC "-//IETF//DTD HTML 2.0//EN">
<html>
<head>
<title>401 Unauthorized</title>
</head>
<body>
<h1>Unauthorized</h1>
<p>This server could not verify that you
are authorized to access the document
requested.  Either you supplied the wrong
credentials (e.g., bad password), or your
browser doesn't understand how to supply
the credentials required.</p>
</body>
</html>


2016-12-01 14:02:02 www.zirnig.at mPAY24 : CreatePaymentToken : REQUEST to https://test.mpay24.com/app/bin/etpproxy_v15 - <?xml version="1.0" encoding="UTF-8"?>
<soapenv:Envelope xmlns:soapenv="http://schemas.xmlsoap.org/soap/envelope/" xmlns:xsd="http://www.w3.org/2001/XMLSchema" xmlns:etp="https://www.mpay24.com/soap/etp/1.5/ETP.wsdl" xmlns:xsi="http://www.w3.org/2001/XMLSchema-instance">
  <soapenv:Body>
    <etp:CreatePaymentToken>
      <merchantID>99998</merchantID>
      <pType>CC</pType>
    </etp:CreatePaymentToken>
  </soapenv:Body>
</soapenv:Envelope>


2016-12-01 14:02:02 www.zirnig.at mPAY24 : CreatePaymentToken : RESPONSE - <?xml version="1.0" encoding="UTF-8"?>
<SOAP-ENV:Envelope xmlns:SOAP-ENV="http://schemas.xmlsoap.org/soap/envelope/" xmlns:SOAP-ENC="http://schemas.xmlsoap.org/soap/encoding/" xmlns:xsi="http://www.w3.org/2001/XMLSchema-instance" xmlns:xsd="http://www.w3.org/2001/XMLSchema" xmlns:etp="https://www.mpay24.com/soap/etp/1.5/ETP.wsdl">
<SOAP-ENV:Body>
<etp:CreatePaymentTokenResponse>
<status>OK</status>
<returnCode>REDIRECT</returnCode>
<token>iC1UtrLb2WEKJhNzEFaNwOZasY3TFir4B0Aww1AYHLw=</token>
<apiKey>4b8ed41732563809e0219a5fc207324280d4ab4bd645e55cf290758aa9e41065</apiKey>
<location>https://test.mpay24.com/app/bin/tokenizer/fragment/4b8ed41732563809e0219a5fc207324280d4ab4bd645e55cf290758aa9e41065</location>
</etp:CreatePaymentTokenResponse>
</SOAP-ENV:Body>
</SOAP-ENV:Envelope>


2016-12-01 14:02:12 www.zirnig.at mPAY24 : AcceptPayment : REQUEST to https://test.mpay24.com/app/bin/etpproxy_v15 - <?xml version="1.0" encoding="UTF-8"?>
<soapenv:Envelope xmlns:soapenv="http://schemas.xmlsoap.org/soap/envelope/" xmlns:xsd="http://www.w3.org/2001/XMLSchema" xmlns:etp="https://www.mpay24.com/soap/etp/1.5/ETP.wsdl" xmlns:xsi="http://www.w3.org/2001/XMLSchema-instance">
  <soapenv:Body>
    <etp:AcceptPayment>
      <merchantID>99998</merchantID>
      <tid>123</tid>
      <pType>PAYPAL</pType>
      <payment xsi:type="etp:PaymentPAYPAL">
        <amount>100</amount>
        <currency>EUR</currency>
        <UseProfile>true</UseProfile>
      </payment>
    </etp:AcceptPayment>
  </soapenv:Body>
</soapenv:Envelope>


2016-12-01 14:02:12 www.zirnig.at mPAY24 : AcceptPayment : RESPONSE - <?xml version="1.0" encoding="UTF-8"?>
<SOAP-ENV:Envelope xmlns:SOAP-ENV="http://schemas.xmlsoap.org/soap/envelope/" xmlns:SOAP-ENC="http://schemas.xmlsoap.org/soap/encoding/" xmlns:xsi="http://www.w3.org/2001/XMLSchema-instance" xmlns:xsd="http://www.w3.org/2001/XMLSchema" xmlns:etp="https://www.mpay24.com/soap/etp/1.5/ETP.wsdl">
<SOAP-ENV:Body>
<etp:AcceptPaymentResponse>
<status>OK</status>
<returnCode>REDIRECT</returnCode>
<mpayTID>3324368</mpayTID>
<location>https://www.sandbox.paypal.com/webscr?cmd=_express-checkout&amp;token=EC-0KS028858B1699535&amp;useraction=commit</location>
</etp:AcceptPaymentResponse>
</SOAP-ENV:Body>
</SOAP-ENV:Envelope>


2016-12-01 14:08:32 www.zirnig.at mPAY24 : CreatePaymentToken : REQUEST to https://test.mpay24.com/app/bin/etpproxy_v15 - <?xml version="1.0" encoding="UTF-8"?>
<soapenv:Envelope xmlns:soapenv="http://schemas.xmlsoap.org/soap/envelope/" xmlns:xsd="http://www.w3.org/2001/XMLSchema" xmlns:etp="https://www.mpay24.com/soap/etp/1.5/ETP.wsdl" xmlns:xsi="http://www.w3.org/2001/XMLSchema-instance">
  <soapenv:Body>
    <etp:CreatePaymentToken>
      <merchantID>99998</merchantID>
      <pType>CC</pType>
    </etp:CreatePaymentToken>
  </soapenv:Body>
</soapenv:Envelope>


2016-12-01 14:08:32 www.zirnig.at mPAY24 : CreatePaymentToken : RESPONSE - <?xml version="1.0" encoding="UTF-8"?>
<SOAP-ENV:Envelope xmlns:SOAP-ENV="http://schemas.xmlsoap.org/soap/envelope/" xmlns:SOAP-ENC="http://schemas.xmlsoap.org/soap/encoding/" xmlns:xsi="http://www.w3.org/2001/XMLSchema-instance" xmlns:xsd="http://www.w3.org/2001/XMLSchema" xmlns:etp="https://www.mpay24.com/soap/etp/1.5/ETP.wsdl">
<SOAP-ENV:Body>
<etp:CreatePaymentTokenResponse>
<status>OK</status>
<returnCode>REDIRECT</returnCode>
<token>EDuoqCiAb2BUbFLnLaKP9MaCWl/xEGexbH9XeU+fi94=</token>
<apiKey>d69babe89c39fdb2afd34845451462f516bd33732c633a3fcd71d33c36f3e243</apiKey>
<location>https://test.mpay24.com/app/bin/tokenizer/fragment/d69babe89c39fdb2afd34845451462f516bd33732c633a3fcd71d33c36f3e243</location>
</etp:CreatePaymentTokenResponse>
</SOAP-ENV:Body>
</SOAP-ENV:Envelope>


2016-12-01 14:08:55 www.zirnig.at mPAY24 : AcceptPayment : REQUEST to https://test.mpay24.com/app/bin/etpproxy_v15 - <?xml version="1.0" encoding="UTF-8"?>
<soapenv:Envelope xmlns:soapenv="http://schemas.xmlsoap.org/soap/envelope/" xmlns:xsd="http://www.w3.org/2001/XMLSchema" xmlns:etp="https://www.mpay24.com/soap/etp/1.5/ETP.wsdl" xmlns:xsi="http://www.w3.org/2001/XMLSchema-instance">
  <soapenv:Body>
    <etp:AcceptPayment>
      <merchantID>99998</merchantID>
      <tid>123</tid>
      <pType>PAYPAL</pType>
      <payment xsi:type="etp:PaymentPAYPAL">
        <amount>100</amount>
        <currency>EUR</currency>
        <UseProfile>true</UseProfile>
      </payment>
      <customerID>customer123</customerID>
      <successURL>http://yourdomain.com/success</successURL>
      <errorURL>http://yourdomain.com/error</errorURL>
      <confirmationURL>http://yourdomain.com/confirmation</confirmationURL>
      <cancelURL>http://yourdomain.com/cancel</cancelURL>
    </etp:AcceptPayment>
  </soapenv:Body>
</soapenv:Envelope>


2016-12-01 14:08:55 www.zirnig.at mPAY24 : AcceptPayment : RESPONSE - <?xml version="1.0" encoding="UTF-8"?>
<SOAP-ENV:Envelope xmlns:SOAP-ENV="http://schemas.xmlsoap.org/soap/envelope/" xmlns:SOAP-ENC="http://schemas.xmlsoap.org/soap/encoding/" xmlns:xsi="http://www.w3.org/2001/XMLSchema-instance" xmlns:xsd="http://www.w3.org/2001/XMLSchema" xmlns:etp="https://www.mpay24.com/soap/etp/1.5/ETP.wsdl">
<SOAP-ENV:Body>
<etp:AcceptPaymentResponse>
<status>OK</status>
<returnCode>REDIRECT</returnCode>
<mpayTID>3324371</mpayTID>
<location>https://www.sandbox.paypal.com/webscr?cmd=_express-checkout&amp;token=EC-5BL93852B0193445N&amp;useraction=commit</location>
</etp:AcceptPaymentResponse>
</SOAP-ENV:Body>
</SOAP-ENV:Envelope>


2016-12-01 14:12:13 www.zirnig.at mPAY24 : CreatePaymentToken : REQUEST to https://test.mpay24.com/app/bin/etpproxy_v15 - <?xml version="1.0" encoding="UTF-8"?>
<soapenv:Envelope xmlns:soapenv="http://schemas.xmlsoap.org/soap/envelope/" xmlns:xsd="http://www.w3.org/2001/XMLSchema" xmlns:etp="https://www.mpay24.com/soap/etp/1.5/ETP.wsdl" xmlns:xsi="http://www.w3.org/2001/XMLSchema-instance">
  <soapenv:Body>
    <etp:CreatePaymentToken>
      <merchantID>99998</merchantID>
      <pType>CC</pType>
    </etp:CreatePaymentToken>
  </soapenv:Body>
</soapenv:Envelope>


2016-12-01 14:12:13 www.zirnig.at mPAY24 : CreatePaymentToken : RESPONSE - <?xml version="1.0" encoding="UTF-8"?>
<SOAP-ENV:Envelope xmlns:SOAP-ENV="http://schemas.xmlsoap.org/soap/envelope/" xmlns:SOAP-ENC="http://schemas.xmlsoap.org/soap/encoding/" xmlns:xsi="http://www.w3.org/2001/XMLSchema-instance" xmlns:xsd="http://www.w3.org/2001/XMLSchema" xmlns:etp="https://www.mpay24.com/soap/etp/1.5/ETP.wsdl">
<SOAP-ENV:Body>
<etp:CreatePaymentTokenResponse>
<status>OK</status>
<returnCode>REDIRECT</returnCode>
<token>5q3bc6ObsvefzunozTRFQAbs7ENrZyWCk1ydC961PZM=</token>
<apiKey>4b0021cf256fa9a1499d7965ef1a8879f614cbb0008b3f88931fa04fd02688e4</apiKey>
<location>https://test.mpay24.com/app/bin/tokenizer/fragment/4b0021cf256fa9a1499d7965ef1a8879f614cbb0008b3f88931fa04fd02688e4</location>
</etp:CreatePaymentTokenResponse>
</SOAP-ENV:Body>
</SOAP-ENV:Envelope>


2016-12-01 14:12:20 www.zirnig.at mPAY24 : AcceptPayment : REQUEST to https://test.mpay24.com/app/bin/etpproxy_v15 - <?xml version="1.0" encoding="UTF-8"?>
<soapenv:Envelope xmlns:soapenv="http://schemas.xmlsoap.org/soap/envelope/" xmlns:xsd="http://www.w3.org/2001/XMLSchema" xmlns:etp="https://www.mpay24.com/soap/etp/1.5/ETP.wsdl" xmlns:xsi="http://www.w3.org/2001/XMLSchema-instance">
  <soapenv:Body>
    <etp:AcceptPayment>
      <merchantID>99998</merchantID>
      <tid>123</tid>
      <pType>SOFORT</pType>
      <payment xsi:type="etp:PaymentSOFORT">
        <amount>100</amount>
        <currency>EUR</currency>
        <UseProfile>true</UseProfile>
      </payment>
      <customerID>customer123</customerID>
      <successURL>http://yourdomain.com/success</successURL>
      <errorURL>http://yourdomain.com/error</errorURL>
      <confirmationURL>http://yourdomain.com/confirmation</confirmationURL>
      <cancelURL>http://yourdomain.com/cancel</cancelURL>
    </etp:AcceptPayment>
  </soapenv:Body>
</soapenv:Envelope>


2016-12-01 14:12:20 www.zirnig.at mPAY24 : AcceptPayment : RESPONSE - <?xml version="1.0" encoding="UTF-8"?>
<SOAP-ENV:Envelope xmlns:SOAP-ENV="http://schemas.xmlsoap.org/soap/envelope/" xmlns:SOAP-ENC="http://schemas.xmlsoap.org/soap/encoding/" xmlns:xsi="http://www.w3.org/2001/XMLSchema-instance" xmlns:xsd="http://www.w3.org/2001/XMLSchema" xmlns:etp="https://www.mpay24.com/soap/etp/1.5/ETP.wsdl">
<SOAP-ENV:Body>
<etp:AcceptPaymentResponse>
<status>OK</status>
<returnCode>REDIRECT</returnCode>
<mpayTID>3324383</mpayTID>
<location>https://www.sofort.com/payment/go/e4a32c36514d7d080ae09fd5266a776a921cbce8</location>
</etp:AcceptPaymentResponse>
</SOAP-ENV:Body>
</SOAP-ENV:Envelope>


2016-12-01 14:18:53 www.zirnig.at mPAY24 : CreatePaymentToken : REQUEST to https://test.mpay24.com/app/bin/etpproxy_v15 - <?xml version="1.0" encoding="UTF-8"?>
<soapenv:Envelope xmlns:soapenv="http://schemas.xmlsoap.org/soap/envelope/" xmlns:xsd="http://www.w3.org/2001/XMLSchema" xmlns:etp="https://www.mpay24.com/soap/etp/1.5/ETP.wsdl" xmlns:xsi="http://www.w3.org/2001/XMLSchema-instance">
  <soapenv:Body>
    <etp:CreatePaymentToken>
      <merchantID>99998</merchantID>
      <pType>CC</pType>
    </etp:CreatePaymentToken>
  </soapenv:Body>
</soapenv:Envelope>


2016-12-01 14:18:53 www.zirnig.at mPAY24 : CreatePaymentToken : RESPONSE - <?xml version="1.0" encoding="UTF-8"?>
<SOAP-ENV:Envelope xmlns:SOAP-ENV="http://schemas.xmlsoap.org/soap/envelope/" xmlns:SOAP-ENC="http://schemas.xmlsoap.org/soap/encoding/" xmlns:xsi="http://www.w3.org/2001/XMLSchema-instance" xmlns:xsd="http://www.w3.org/2001/XMLSchema" xmlns:etp="https://www.mpay24.com/soap/etp/1.5/ETP.wsdl">
<SOAP-ENV:Body>
<etp:CreatePaymentTokenResponse>
<status>OK</status>
<returnCode>REDIRECT</returnCode>
<token>iKN32zDulKS4HdnUI3bgUT1pxpketvyphLB09rbOxEQ=</token>
<apiKey>dc59c9d00f48ad6afe4cfdde180b0fbbc634098dc4a63c2d2ded2c8df2156eff</apiKey>
<location>https://test.mpay24.com/app/bin/tokenizer/fragment/dc59c9d00f48ad6afe4cfdde180b0fbbc634098dc4a63c2d2ded2c8df2156eff</location>
</etp:CreatePaymentTokenResponse>
</SOAP-ENV:Body>
</SOAP-ENV:Envelope>


2016-12-01 14:23:58 www.zirnig.at mPAY24 : SelectPayment : REQUEST to https://test.mpay24.com/app/bin/etpproxy_v15 - <?xml version="1.0" encoding="UTF-8"?>
<soapenv:Envelope xmlns:soapenv="http://schemas.xmlsoap.org/soap/envelope/" xmlns:xsd="http://www.w3.org/2001/XMLSchema" xmlns:etp="https://www.mpay24.com/soap/etp/1.5/ETP.wsdl" xmlns:xsi="http://www.w3.org/2001/XMLSchema-instance">
  <soapenv:Body>
    <etp:SelectPayment>
      <merchantID>99998</merchantID>
      <mdxi>&lt;?xml version="1.0" encoding="UTF-8"?&gt;
&lt;Order&gt;
  &lt;Tid&gt;123&lt;/Tid&gt;
  &lt;PaymentTypes Enable="1"&gt;
    &lt;Payment Type="CC"/&gt;
    &lt;Payment Type="EPS" Brand="INTERNATIONAL"/&gt;
    &lt;Payment Type="SOFORT"/&gt;
    &lt;Payment Type="PAYPAL"/&gt;
  &lt;/PaymentTypes&gt;
  &lt;Price&gt;1.00&lt;/Price&gt;
&lt;/Order&gt;
</mdxi>
    </etp:SelectPayment>
  </soapenv:Body>
</soapenv:Envelope>


2016-12-01 14:23:58 www.zirnig.at mPAY24 : SelectPayment : RESPONSE - <?xml version="1.0" encoding="UTF-8"?>
<SOAP-ENV:Envelope xmlns:SOAP-ENV="http://schemas.xmlsoap.org/soap/envelope/" xmlns:SOAP-ENC="http://schemas.xmlsoap.org/soap/encoding/" xmlns:xsi="http://www.w3.org/2001/XMLSchema-instance" xmlns:xsd="http://www.w3.org/2001/XMLSchema" xmlns:etp="https://www.mpay24.com/soap/etp/1.5/ETP.wsdl">
<SOAP-ENV:Body>
<etp:SelectPaymentResponse>
<status>OK</status>
<returnCode>REDIRECT</returnCode>
<location>https://test.mpay24.com/app/bin/checkout/payment/6a24bab63c7707d86952a0a468ac09f5451231d1270936081aac44a40da0a34d</location>
</etp:SelectPaymentResponse>
</SOAP-ENV:Body>
</SOAP-ENV:Envelope>


